Arguments: 
  C:\Program Files\nodejs\node.exe C:\Program Files (x86)\Yarn\bin\yarn.js add tsloader

PATH: 
  C:\Program Files (x86)\Intel\iCLS Client\;C:\Program Files\Intel\iCLS Client\;C:\Program Files\NVIDIA GPU Computing Toolkit\CUDA\v10.2\bin;C:\Program Files\NVIDIA GPU Computing Toolkit\CUDA\v10.2\libnvvp;C:\Program Files\Python38\Scripts\;C:\Program Files\Python38\;C:\Program Files (x86)\Common Files\Oracle\Java\javapath;C:\windows\system32;C:\windows;C:\windows\System32\Wbem;C:\windows\System32\WindowsPowerShell\v1.0\;C:\windows\System32\OpenSSH\;C:\ProgramData\chocolatey\bin;C:\Program Files\nodejs\;C:\Program Files\Microsoft VS Code\bin;C:\Program Files\Git\cmd;C:\Program Files\OpenJDK\jdk-14\bin;C:\Program Files (x86)\Yarn\bin\;C:\Program Files\PostgreSQL\10\pgAdmin 4\bin;C:\Program Files\PostgreSQL\10\bin;C:\Program Files\NVIDIA Corporation\Nsight Compute 2019.5.0\;C:\Program Files (x86)\NVIDIA Corporation\PhysX\Common;C:\ffmpeg\bin;C:\Program Files\Docker\Docker\resources\bin;C:\ProgramData\DockerDesktop\version-bin;C:\Go\bin;C:\Program Files (x86)\Common Files\GTK\2.0\bin;C:\Program Files\PostgreSQL\10\bin;C:\Program Files\PostgreSQL\10\lib;C:\Users\jthec\.cargo\bin;C:\Users\jthec\AppData\Local\Microsoft\WindowsApps;C:\Users\jthec\AppData\Roaming\npm;C:\Users\jthec\AppData\Local\Yarn\bin;C:\Program Files\heroku\bin;C:\Users\jthec\go\bin;C:\Users\jthec\emsdk;C:\Program Files\PostgreSQL\10\bin;

Yarn version: 
  1.22.0

Node version: 
  13.11.0

Platform: 
  win32 x64

Trace: 
  Error: https://registry.yarnpkg.com/tsloader: Not found
      at Request.params.callback [as _callback] (C:\Program Files (x86)\Yarn\lib\cli.js:66084:18)
      at Request.self.callback (C:\Program Files (x86)\Yarn\lib\cli.js:140727:22)
      at Request.emit (events.js:315:20)
      at Request.<anonymous> (C:\Program Files (x86)\Yarn\lib\cli.js:141699:10)
      at Request.emit (events.js:315:20)
      at IncomingMessage.<anonymous> (C:\Program Files (x86)\Yarn\lib\cli.js:141621:12)
      at Object.onceWrapper (events.js:421:28)
      at IncomingMessage.emit (events.js:327:22)
      at endReadableNT (_stream_readable.js:1201:12)
      at processTicksAndRejections (internal/process/task_queues.js:84:21)

npm manifest: 
  {
    "name": "lib",
    "description": "the stub module for @jtmorrisbytes/lib",
    "private": true,
    "scripts": {
      "build:Win": "npm install && rmdir /s /q dist && .\\node_modules\\.bin\\tsc && copy src\\package.json .\\dist",
      "publish:Win": "npm run build:Win && cd dist && npm login && npm publish"
    },
    "devDependencies": {
      "typescript": "^3.8.3"
    },
    "dependencies": {
      "webpack-node-externals": "^1.7.2"
    }
  }

yarn manifest: 
  No manifest

Lockfile: 
  # THIS IS AN AUTOGENERATED FILE. DO NOT EDIT THIS FILE DIRECTLY.
  # yarn lockfile v1
  
  
  typescript@^3.8.3:
    version "3.8.3"
    resolved "https://registry.yarnpkg.com/typescript/-/typescript-3.8.3.tgz#409eb8544ea0335711205869ec458ab109ee1061"
    integrity sha512-MYlEfn5VrLNsgudQTVJeNaQFUAI7DkhnOjdpAp4T+ku1TfQClewlbSuTVHiA+8skNBgaf02TL/kLOvig4y3G8w==
  
  webpack-node-externals@^1.7.2:
    version "1.7.2"
    resolved "https://registry.yarnpkg.com/webpack-node-externals/-/webpack-node-externals-1.7.2.tgz#6e1ee79ac67c070402ba700ef033a9b8d52ac4e3"
    integrity sha512-ajerHZ+BJKeCLviLUUmnyd5B4RavLF76uv3cs6KNuO8W+HuQaEs0y0L7o40NQxdPy5w0pcv8Ew7yPUAQG0UdCg==
